  stdafx.c
  student.c
d:\ікні\c lab\lab10\lab10_task1\lab10_task1\student.c(107): warning C4477: "fscanf": в строке форматирования "%u" требуется аргумент типа "unsigned int *", но вариативный аргумент "3" имеет тип "unsigned char *"
  d:\ікні\c lab\lab10\lab10_task1\lab10_task1\student.c(107): note: рекомендуется использовать "%hhu" в строке форматирования
d:\ікні\c lab\lab10\lab10_task1\lab10_task1\student.c(107): warning C4477: "fscanf": в строке форматирования "%u" требуется аргумент типа "unsigned int *", но вариативный аргумент "4" имеет тип "unsigned char *"
  d:\ікні\c lab\lab10\lab10_task1\lab10_task1\student.c(107): note: рекомендуется использовать "%hhu" в строке форматирования
d:\ікні\c lab\lab10\lab10_task1\lab10_task1\student.c(107): warning C4477: "fscanf": в строке форматирования "%u" требуется аргумент типа "unsigned int *", но вариативный аргумент "5" имеет тип "unsigned short *"
  d:\ікні\c lab\lab10\lab10_task1\lab10_task1\student.c(107): note: рекомендуется использовать "%hu" в строке форматирования
d:\ікні\c lab\lab10\lab10_task1\lab10_task1\student.c(107): error C4996: 'fscanf': This function or variable may be unsafe. Consider using fscanf_s instead. To disable deprecation, use _CRT_SECURE_NO_WARNINGS. See online help for details.
  c:\program files (x86)\windows kits\10\include\10.0.16299.0\ucrt\stdio.h(1195): note:  см. объявление "fscanf"
d:\ікні\c lab\lab10\lab10_task1\lab10_task1\student.c(118): error C4996: 'fscanf': This function or variable may be unsafe. Consider using fscanf_s instead. To disable deprecation, use _CRT_SECURE_NO_WARNINGS. See online help for details.
  c:\program files (x86)\windows kits\10\include\10.0.16299.0\ucrt\stdio.h(1195): note:  см. объявление "fscanf"
  Lab10_Task1.c
d:\ікні\c lab\lab10\lab10_task1\lab10_task1\lab10_task1.c(27): warning C4020: perror: слишком много фактических параметров
d:\ікні\c lab\lab10\lab10_task1\lab10_task1\lab10_task1.c(28): warning C4013: getch: нет определения; предполагается "extern" с возвратом типа "int"
d:\ікні\c lab\lab10\lab10_task1\lab10_task1\lab10_task1.c(24): error C4996: 'fopen': This function or variable may be unsafe. Consider using fopen_s instead. To disable deprecation, use _CRT_SECURE_NO_WARNINGS. See online help for details.
  c:\program files (x86)\windows kits\10\include\10.0.16299.0\ucrt\stdio.h(207): note:  см. объявление "fopen"
d:\ікні\c lab\lab10\lab10_task1\lab10_task1\lab10_task1.c(21): warning C4101: students: неиспользованная локальная переменная
d:\ікні\c lab\lab10\lab10_task1\lab10_task1\lab10_task1.c(19): warning C4101: minAvg: неиспользованная локальная переменная
d:\ікні\c lab\lab10\lab10_task1\lab10_task1\lab10_task1.c(20): warning C4101: lastIndex: неиспользованная локальная переменная
  Создание кода...
